# JRE version: 7.0_07-b11
# Java VM: Java HotSpot(TM) 64-Bit Server VM (23.3-b01 mixed mode windows-amd64 compressed oops)
Heap
 PSYoungGen      total 69888K, used 21139K [0x00000000eaab0000, 0x00000000ef430000, 0x0000000100000000)
  eden space 64512K, 24% used [0x00000000eaab0000,0x00000000eba1c708,0x00000000ee9b0000)
  from space 5376K, 99% used [0x00000000eeef0000,0x00000000ef4285b0,0x00000000ef430000)
  to   space 5376K, 0% used [0x00000000ee9b0000,0x00000000ee9b0000,0x00000000eeef0000)
 ParOldGen       total 86080K, used 4347K [0x00000000c0000000, 0x00000000c5410000, 0x00000000eaab0000)
  object space 86080K, 5% used [0x00000000c0000000,0x00000000c043ecd0,0x00000000c5410000)
 PSPermGen       total 21248K, used 5998K [0x00000000bae00000, 0x00000000bc2c0000, 0x00000000c0000000)
  object space 21248K, 28% used [0x00000000bae00000,0x00000000bb3db9a8,0x00000000bc2c0000)
GC Heap History (4 events):
Event: 3.298 GC heap before
{Heap before GC invocations=1 (full 0):
 PSYoungGen      total 37632K, used 32256K [0x00000000eaab0000, 0x00000000ed4b0000, 0x0000000100000000)
  eden space 32256K, 100% used [0x00000000eaab0000,0x00000000eca30000,0x00000000eca30000)
  from space 5376K, 0% used [0x00000000ecf70000,0x00000000ecf70000,0x00000000ed4b0000)
  to   space 5376K, 0% used [0x00000000eca30000,0x00000000eca30000,0x00000000ecf70000)
 ParOldGen       total 86080K, used 0K [0x00000000c0000000, 0x00000000c5410000, 0x00000000eaab0000)
  object space 86080K, 0% used [0x00000000c0000000,0x00000000c0000000,0x00000000c5410000)
 PSPermGen       total 21248K, used 5842K [0x00000000bae00000, 0x00000000bc2c0000, 0x00000000c0000000)
  object space 21248K, 27% used [0x00000000bae00000,0x00000000bb3b4bc8,0x00000000bc2c0000)
Event: 3.523 GC heap after
Heap after GC invocations=1 (full 0):
 PSYoungGen      total 37632K, used 5353K [0x00000000eaab0000, 0x00000000ef430000, 0x0000000100000000)
  eden space 32256K, 0% used [0x00000000eaab0000,0x00000000eaab0000,0x00000000eca30000)
  from space 5376K, 99% used [0x00000000eca30000,0x00000000ecf6a7b8,0x00000000ecf70000)
  to   space 5376K, 0% used [0x00000000eeef0000,0x00000000eeef0000,0x00000000ef430000)
 ParOldGen       total 86080K, used 456K [0x00000000c0000000, 0x00000000c5410000, 0x00000000eaab0000)
  object space 86080K, 0% used [0x00000000c0000000,0x00000000c0072198,0x00000000c5410000)
 PSPermGen       total 21248K, used 5842K [0x00000000bae00000, 0x00000000bc2c0000, 0x00000000c0000000)
  object space 21248K, 27% used [0x00000000bae00000,0x00000000bb3b4bc8,0x00000000bc2c0000)
}
Event: 5.600 GC heap before
{Heap before GC invocations=2 (full 0):
 PSYoungGen      total 37632K, used 37609K [0x00000000eaab0000, 0x00000000ef430000, 0x0000000100000000)
  eden space 32256K, 100% used [0x00000000eaab0000,0x00000000eca30000,0x00000000eca30000)
  from space 5376K, 99% used [0x00000000eca30000,0x00000000ecf6a7b8,0x00000000ecf70000)
  to   space 5376K, 0% used [0x00000000eeef0000,0x00000000eeef0000,0x00000000ef430000)
 ParOldGen       total 86080K, used 456K [0x00000000c0000000, 0x00000000c5410000, 0x00000000eaab0000)
  object space 86080K, 0% used [0x00000000c0000000,0x00000000c0072198,0x00000000c5410000)
 PSPermGen       total 21248K, used 5980K [0x00000000bae00000, 0x00000000bc2c0000, 0x00000000c0000000)
  object space 21248K, 28% used [0x00000000bae00000,0x00000000bb3d70e8,0x00000000bc2c0000)
Event: 5.636 GC heap after
Heap after GC invocations=2 (full 0):
 PSYoungGen      total 69888K, used 5345K [0x00000000eaab0000, 0x00000000ef430000, 0x0000000100000000)
  eden space 64512K, 0% used [0x00000000eaab0000,0x00000000eaab0000,0x00000000ee9b0000)
  from space 5376K, 99% used [0x00000000eeef0000,0x00000000ef4285b0,0x00000000ef430000)
  to   space 5376K, 0% used [0x00000000ee9b0000,0x00000000ee9b0000,0x00000000eeef0000)
 ParOldGen       total 86080K, used 4347K [0x00000000c0000000, 0x00000000c5410000, 0x00000000eaab0000)
  object space 86080K, 5% used [0x00000000c0000000,0x00000000c043ecd0,0x00000000c5410000)
 PSPermGen       total 21248K, used 5980K [0x00000000bae00000, 0x00000000bc2c0000, 0x00000000c0000000)
  object space 21248K, 28% used [0x00000000bae00000,0x00000000bb3d70e8,0x00000000bc2c0000)
}

